<?xml version="1.0" encoding="UTF-8"?>
<!-- Generated by org.testng.reporters.JUnitReportReporter -->
<testsuite hostname="LAPTOP-NN0EOSGE" failures="0" tests="3" name="com.qa.opencart.tests.LoginPageTest" time="1.817" errors="0" timestamp="2024-09-19T21:07:52 IST" skipped="0">
  <testcase classname="com.qa.opencart.tests.LoginPageTest" name="loginPageTitleTest" time="0.073"/>
  <system-out/>
  <testcase classname="com.qa.opencart.tests.LoginPageTest" name="forgotpwdlinktest" time="0.083"/>
  <system-out/>
  <testcase classname="com.qa.opencart.tests.LoginPageTest" name="loginTest" time="1.661"/>
  <system-out/>
</testsuite> <!-- com.qa.opencart.tests.LoginPageTest -->
