<?xml version="1.0" encoding="UTF-8"?>
<!-- Generated by org.testng.reporters.JUnitReportReporter -->
<testsuite hostname="LAPTOP-NN0EOSGE" failures="0" tests="5" name="com.qa.opencart.tests.AccountPageTest" time="6.109" errors="0" timestamp="2024-09-28T15:27:13 IST" skipped="0">
  <testcase classname="com.qa.opencart.tests.AccountPageTest" name="accPagetitletest" time="0.135"/>
  <system-out/>
  <testcase classname="com.qa.opencart.tests.AccountPageTest" name="accPageSectionCounttest" time="0.133"/>
  <system-out/>
  <testcase classname="com.qa.opencart.tests.AccountPageTest" name="accPageSectionTest" time="0.210"/>
  <system-out/>
  <testcase classname="com.qa.opencart.tests.AccountPageTest" name="searchTest" time="2.160"/>
  <system-out/>
  <testcase classname="com.qa.opencart.tests.AccountPageTest" name="selectProductTest" time="3.471"/>
  <system-out/>
</testsuite> <!-- com.qa.opencart.tests.AccountPageTest -->
