<?xml version="1.0" encoding="UTF-8"?>
<!-- Generated by org.testng.reporters.JUnitReportReporter -->
<testsuite hostname="LAPTOP-NN0EOSGE" failures="0" tests="3" name="com.qa.opencart.tests.LoginPageTest" time="3.973" errors="0" timestamp="2024-09-28T15:27:13 IST" skipped="0">
  <testcase classname="com.qa.opencart.tests.LoginPageTest" name="loginPageTitleTest" time="0.132"/>
  <system-out/>
  <testcase classname="com.qa.opencart.tests.LoginPageTest" name="forgotpwdlinktest" time="0.136"/>
  <system-out/>
  <testcase classname="com.qa.opencart.tests.LoginPageTest" name="loginTest" time="3.705"/>
  <system-out/>
</testsuite> <!-- com.qa.opencart.tests.LoginPageTest -->
