<?xml version="1.0" encoding="UTF-8"?>
<!-- Generated by org.testng.reporters.JUnitReportReporter -->
<testsuite hostname="LAPTOP-NN0EOSGE" failures="0" tests="1" name="com.qa.opencart.tests.ProductInfoPageTest" time="2.352" errors="0" timestamp="2024-09-18T00:56:46 IST" skipped="0">
  <testcase classname="com.qa.opencart.tests.ProductInfoPageTest" name="productInfoDataTest" time="2.352"/>
  <system-out/>
</testsuite> <!-- com.qa.opencart.tests.ProductInfoPageTest -->
